-------------------------------------------------------------------------------
Test set: test.java.com.gildedrose.GildedRoseTest
-------------------------------------------------------------------------------
Tests run: 1, Failures: 0, Errors: 1, Skipped: 0, Time elapsed: 0.14 sec <<< FAILURE!
foo(test.java.com.gildedrose.GildedRoseTest)  Time elapsed: 0.056 sec  <<< ERROR!
com.spun.util.FormattedException: Didn't find test.java.com.gildedrose.GildedRoseTest under C:\Users\Glon\Desktop\untitled
	at com.spun.util.ClassUtils.getSourceDirectory(ClassUtils.java:105)
	at com.spun.util.ClassUtils.getSourceDirectory(ClassUtils.java:110)
	at com.spun.util.tests.TestUtils.getInfo(TestUtils.java:284)
	at com.spun.util.tests.TestUtils.getCurrentFileForMethod(TestUtils.java:272)
	at com.spun.util.tests.TestUtils.getCurrentFileForMethod(TestUtils.java:264)
	at org.approvaltests.namer.StackTraceNamer.<init>(StackTraceNamer.java:15)
	at org.approvaltests.Approvals$1.load(Approvals.java:51)
	at org.approvaltests.Approvals$1.load(Approvals.java:48)
	at org.approvaltests.Approvals.createApprovalNamer(Approvals.java:166)
	at org.approvaltests.Approvals.verify(Approvals.java:125)
	at org.approvaltests.Approvals.verify(Approvals.java:56)
	at test.java.com.gildedrose.GildedRoseTest.foo(GildedRoseTest.java:17)
	at sun.reflect.NativeMethodAccessorImpl.invoke0(Native Method)
	at sun.reflect.NativeMethodAccessorImpl.invoke(NativeMethodAccessorImpl.java:62)
	at sun.reflect.DelegatingMethodAccessorImpl.invoke(DelegatingMethodAccessorImpl.java:43)
	at java.lang.reflect.Method.invoke(Method.java:498)
	at org.junit.runners.model.FrameworkMethod$1.runReflectiveCall(FrameworkMethod.java:50)
	at org.junit.internal.runners.model.ReflectiveCallable.run(ReflectiveCallable.java:12)
	at org.junit.runners.model.FrameworkMethod.invokeExplosively(FrameworkMethod.java:47)
	at org.junit.internal.runners.statements.InvokeMethod.evaluate(InvokeMethod.java:17)
	at org.junit.runners.ParentRunner.runLeaf(ParentRunner.java:325)
	at org.junit.runners.BlockJUnit4ClassRunner.runChild(BlockJUnit4ClassRunner.java:78)
	at org.junit.runners.BlockJUnit4ClassRunner.runChild(BlockJUnit4ClassRunner.java:57)
	at org.junit.runners.ParentRunner$3.run(ParentRunner.java:290)
	at org.junit.runners.ParentRunner$1.schedule(ParentRunner.java:71)
	at org.junit.runners.ParentRunner.runChildren(ParentRunner.java:288)
	at org.junit.runners.ParentRunner.access$000(ParentRunner.java:58)
	at org.junit.runners.ParentRunner$2.evaluate(ParentRunner.java:268)
	at org.junit.runners.ParentRunner.run(ParentRunner.java:363)
	at org.apache.maven.surefire.junit4.JUnit4Provider.execute(JUnit4Provider.java:252)
	at org.apache.maven.surefire.junit4.JUnit4Provider.executeTestSet(JUnit4Provider.java:141)
	at org.apache.maven.surefire.junit4.JUnit4Provider.invoke(JUnit4Provider.java:112)
	at sun.reflect.NativeMethodAccessorImpl.invoke0(Native Method)
	at sun.reflect.NativeMethodAccessorImpl.invoke(NativeMethodAccessorImpl.java:62)
	at sun.reflect.DelegatingMethodAccessorImpl.invoke(DelegatingMethodAccessorImpl.java:43)
	at java.lang.reflect.Method.invoke(Method.java:498)
	at org.apache.maven.surefire.util.ReflectionUtils.invokeMethodWithArray(ReflectionUtils.java:189)
	at org.apache.maven.surefire.booter.ProviderFactory$ProviderProxy.invoke(ProviderFactory.java:165)
	at org.apache.maven.surefire.booter.ProviderFactory.invokeProvider(ProviderFactory.java:85)
	at org.apache.maven.surefire.booter.ForkedBooter.runSuitesInProcess(ForkedBooter.java:115)
	at org.apache.maven.surefire.booter.ForkedBooter.main(ForkedBooter.java:75)

